<section>

<h2>WILL IT PASS OR NOT? #2</h2>
<h5>A FEW WORDS ABOUT AUTOMATION</h5>
<p>Bart≈Çomiej Kania</p>

</section>
<section>

<h2>AGENDA</h2>

<ul>
  <li>Tools</li>
  <li>Selenium</li>
  <li>Selenium Grid</li>
  <li>TestNG</li>
  <li>Examples</li>
</ul>

<p><img src="images/welcome_cat.gif" alt="welcome"></p>

</section>
<section>

<h2>Tools</h2>

<p><img src="images/tools.png" alt="tools"></p>

</section>
<section>

<h2>Selenium</h2>

<p><img src="images/browsers.png" alt="selenium"></p>

</section>
<section>

<h2>Selenium Grid</h2>

<p><img src="images/sgrid.png" alt="grid"></p>

<p>Source: <a href="https://www.guru99.com/introduction-to-selenium-grid.html">https://www.guru99.com/introduction-to-selenium-grid.html</a></p>

</section>
<section>

<h2>Selenium Grid</h2>

<p><img src="images/hubnode1.png" alt="grid1"></p>

</section>
<section>

<h2>Selenium Grid</h2>

<p><img src="images/hubnode2.png" alt="grid2"></p>

</section>
<section>

<h2>TestNG</h2>

<ul>
  <li>JUnit vs TestNG</li>
  <li>Annotations</li>
  <li>Parallel browser testing and how it works</li>
  <li>Simple example with testng.xml</li>
</ul>

</section>
<section>

<h2>TESTNG.XML</h2>

<p><img src="images/testng.png" alt="testng"></p>

</section>
<section>

<h2>Example #1</h2>

<p><img src="images/example1.png" alt="example1"></p>

</section>
<section>

<h2>Example #2</h2>

<p><img src="images/example2.png" alt="example2"></p>

</section>
<section>

<h2>Example #3</h2>

<p>https://username:password@railwaymen.org</p>

</section>
<section>

<h2>Example #4</h2>

<p><img src="images/example3.png" alt="example4"></p>

</section>
<section>

<h2>Example #5</h2>

<pre><code>[INFO] ------------------------------------------------------------------------
[INFO] BUILD FAILURE
[INFO] ------------------------------------------------------------------------
[INFO] Total time: 19.957 s
[INFO] Finished at: 2017-10-19T17:48:41+02:00
[INFO] Final Memory: 23M/144M
[INFO] ------------------------------------------------------------------------
[ERROR] Failed to execute goal org.apache.maven.plugins:maven-surefire-plugin:2.20.1:test (default-test) on project test1: There are test failures.
[ERROR]
[ERROR] Please refer to C:\Users\Bartomiej Kania\IdeaProjects\test1\target\surefire-reports for the individual test results.
[ERROR] Please refer to dump files (if any exist) [date]-jvmRun[N].dump, [date].dumpstream and [date]-jvmRun[N].dumpstream.
[ERROR] The forked VM terminated without properly saying goodbye. VM crash or System.exit called?
</code></pre>

</section>
<section>

<h2>Thank you!</h2>

<p><img src="images/msty.gif" alt="thx"></p>

</section>
